22:36:23 **** Rebuild of configuration Debug for project linear_search ****
Info: Internal Builder is used for build
g++ -O0 -g3 -Wall -c -fmessage-length=0 -o "src\\linear_search.o" "..\\src\\linear_search.cpp" 
g++ -o linear_search.exe "src\\linear_search.o" 
22:37:18 **** Incremental Build of configuration Debug for project linear_search ****
Info: Internal Builder is used for build
g++ -O0 -g3 -Wall -c -fmessage-length=0 -o "src\\linear_search.o" "..\\src\\linear_search.cpp" 
g++ -o linear_search.exe "src\\linear_search.o" 
c:/mingw/bin/../lib/gcc/x86_64-w64-mingw32/9.2.0/../../../../x86_64-w64-mingw32/bin/ld.exe: cannot open output file linear_search.exe: Permission denied
collect2.exe: error: ld returned 1 exit status
22:38:43 **** Incremental Build of configuration Debug for project linear_search ****
Info: Internal Builder is used for build
g++ -o linear_search.exe "src\\linear_search.o" 
Info: Nothing to build for linear_search
Info: Nothing to build for linear_search
22:59:35 **** Rebuild of configuration Debug for project binary_search ****
Info: Internal Builder is used for build
g++ -O0 -g3 -Wall -c -fmessage-length=0 -o "src\\binary_search.o" "..\\src\\binary_search.cpp" 
g++ -o binary_search.exe "src\\binary_search.o" 
22:59:52 **** Incremental Build of configuration Debug for project binary_search ****
Info: Internal Builder is used for build
g++ -O0 -g3 -Wall -c -fmessage-length=0 -o "src\\binary_search.o" "..\\src\\binary_search.cpp" 
..\src\binary_search.cpp: In function 'int binary_search(int*, int, int, int)':
..\src\binary_search.cpp:25:1: warning: control reaches end of non-void function [-Wreturn-type]
   25 | }
      | ^
g++ -o binary_search.exe "src\\binary_search.o" 
Info: Nothing to build for binary_search
Info: Nothing to build for binary_search
Info: Nothing to build for binary_search
Info: Nothing to build for binary_search
23:20:16 **** Rebuild of configuration Debug for project insertion_sort ****
Info: Internal Builder is used for build
g++ -O0 -g3 -Wall -c -fmessage-length=0 -o "src\\insertion_sort.o" "..\\src\\insertion_sort.cpp" 
g++ -o insertion_sort.exe "src\\insertion_sort.o" 
Info: Nothing to build for insertion_sort
23:20:51 **** Incremental Build of configuration Debug for project insertion_sort ****
Info: Internal Builder is used for build
g++ -O0 -g3 -Wall -c -fmessage-length=0 -o "src\\insertion_sort.o" "..\\src\\insertion_sort.cpp" 
g++ -o insertion_sort.exe "src\\insertion_sort.o" 
23:30:47 **** Incremental Build of configuration Debug for project insertion_sort ****
Info: Internal Builder is used for build
g++ -O0 -g3 -Wall -c -fmessage-length=0 -o "src\\insertion_sort.o" "..\\src\\insertion_sort.cpp" 
g++ -o insertion_sort.exe "src\\insertion_sort.o" 
19:15:00 **** Rebuild of configuration Debug for project array ****
Info: Internal Builder is used for build
g++ -O0 -g3 -Wall -c -fmessage-length=0 -o "src\\array.o" "..\\src\\array.cpp" 
g++ -o array.exe "src\\array.o" 
19:15:13 **** Incremental Build of configuration Debug for project insertion_sort ****
Info: Internal Builder is used for build
g++ -O0 -g3 -Wall -c -fmessage-length=0 -o "src\\insertion_sort.o" "..\\src\\insertion_sort.cpp" 
g++ -o insertion_sort.exe "src\\insertion_sort.o" 
Info: Nothing to build for array
19:16:52 **** Incremental Build of configuration Debug for project array ****
Info: Internal Builder is used for build
g++ -O0 -g3 -Wall -c -fmessage-length=0 -o "src\\array.o" "..\\src\\array.cpp" 
g++ -o array.exe "src\\array.o" 
19:18:55 **** Incremental Build of configuration Debug for project array ****
Info: Internal Builder is used for build
g++ -O0 -g3 -Wall -c -fmessage-length=0 -o "src\\array.o" "..\\src\\array.cpp" 
g++ -o array.exe "src\\array.o" 
19:22:29 **** Incremental Build of configuration Debug for project array ****
Info: Internal Builder is used for build
g++ -O0 -g3 -Wall -c -fmessage-length=0 -o "src\\array.o" "..\\src\\array.cpp" 
g++ -o array.exe "src\\array.o" 
19:57:54 **** Incremental Build of configuration Debug for project array ****
Info: Internal Builder is used for build
g++ -O0 -g3 -Wall -c -fmessage-length=0 -o "src\\array.o" "..\\src\\array.cpp" 
g++ -o array.exe "src\\array.o" 
20:01:16 **** Incremental Build of configuration Debug for project array ****
Info: Internal Builder is used for build
g++ -O0 -g3 -Wall -c -fmessage-length=0 -o "src\\array.o" "..\\src\\array.cpp" 
g++ -o array.exe "src\\array.o" 
c:/mingw/bin/../lib/gcc/x86_64-w64-mingw32/9.2.0/../../../../x86_64-w64-mingw32/bin/ld.exe: cannot open output file array.exe: Permission denied
collect2.exe: error: ld returned 1 exit status
20:01:33 **** Incremental Build of configuration Debug for project array ****
Info: Internal Builder is used for build
g++ -o array.exe "src\\array.o" 
c:/mingw/bin/../lib/gcc/x86_64-w64-mingw32/9.2.0/../../../../x86_64-w64-mingw32/bin/ld.exe: cannot open output file array.exe: Permission denied
collect2.exe: error: ld returned 1 exit status
20:01:41 **** Incremental Build of configuration Debug for project array ****
Info: Internal Builder is used for build
g++ -o array.exe "src\\array.o" 
20:02:55 **** Incremental Build of configuration Debug for project array ****
Info: Internal Builder is used for build
g++ -O0 -g3 -Wall -c -fmessage-length=0 -o "src\\array.o" "..\\src\\array.cpp" 
g++ -o array.exe "src\\array.o" 
20:04:02 **** Incremental Build of configuration Debug for project array ****
Info: Internal Builder is used for build
g++ -O0 -g3 -Wall -c -fmessage-length=0 -o "src\\array.o" "..\\src\\array.cpp" 
g++ -o array.exe "src\\array.o" 
20:04:49 **** Incremental Build of configuration Debug for project array ****
Info: Internal Builder is used for build
g++ -O0 -g3 -Wall -c -fmessage-length=0 -o "src\\array.o" "..\\src\\array.cpp" 
g++ -o array.exe "src\\array.o" 
Info: Nothing to build for array
Info: Nothing to build for array
20:08:33 **** Incremental Build of configuration Debug for project array ****
Info: Internal Builder is used for build
g++ -O0 -g3 -Wall -c -fmessage-length=0 -o "src\\array.o" "..\\src\\array.cpp" 
g++ -o array.exe "src\\array.o" 
Info: Nothing to build for array
Info: Nothing to build for array
Info: Nothing to build for array
Info: Nothing to build for insertion_sort
Info: Nothing to build for array
20:32:50 **** Incremental Build of configuration Debug for project array ****
Info: Internal Builder is used for build
g++ -O0 -g3 -Wall -c -fmessage-length=0 -o "src\\array.o" "..\\src\\array.cpp" 
g++ -o array.exe "src\\array.o" 
20:33:49 **** Incremental Build of configuration Debug for project array ****
Info: Internal Builder is used for build
g++ -O0 -g3 -Wall -c -fmessage-length=0 -o "src\\array.o" "..\\src\\array.cpp" 
g++ -o array.exe "src\\array.o" 
20:35:31 **** Incremental Build of configuration Debug for project array ****
Info: Internal Builder is used for build
g++ -O0 -g3 -Wall -c -fmessage-length=0 -o "src\\array.o" "..\\src\\array.cpp" 
g++ -o array.exe "src\\array.o" 
20:37:24 **** Incremental Build of configuration Debug for project array ****
Info: Internal Builder is used for build
g++ -O0 -g3 -Wall -c -fmessage-length=0 -o "src\\array.o" "..\\src\\array.cpp" 
g++ -o array.exe "src\\array.o" 
20:46:04 **** Incremental Build of configuration Debug for project array ****
Info: Internal Builder is used for build
g++ -O0 -g3 -Wall -c -fmessage-length=0 -o "src\\array.o" "..\\src\\array.cpp" 
g++ -o array.exe "src\\array.o" 
20:47:02 **** Incremental Build of configuration Debug for project array ****
Info: Internal Builder is used for build
g++ -O0 -g3 -Wall -c -fmessage-length=0 -o "src\\array.o" "..\\src\\array.cpp" 
g++ -o array.exe "src\\array.o" 
20:58:34 **** Incremental Build of configuration Debug for project array ****
Info: Internal Builder is used for build
g++ -O0 -g3 -Wall -c -fmessage-length=0 -o "src\\array.o" "..\\src\\array.cpp" 
..\src\array.cpp: In function 'int main()':
..\src\array.cpp:76:15: warning: unused variable 'position' [-Wunused-variable]
   76 |  int arr[10], position, element;
      |               ^~~~~~~~
g++ -o array.exe "src\\array.o" 
Info: Nothing to build for array
23:11:14 **** Incremental Build of configuration Debug for project array ****
Info: Internal Builder is used for build
g++ -O0 -g3 -Wall -c -fmessage-length=0 -o "src\\array.o" "..\\src\\array.cpp" 
..\src\array.cpp: In function 'int main()':
..\src\array.cpp:76:15: warning: unused variable 'position' [-Wunused-variable]
   76 |  int arr[10], position, element;
      |               ^~~~~~~~
g++ -o array.exe "src\\array.o" 
Info: Nothing to build for insertion_sort
23:11:34 **** Rebuild of configuration Debug for project singly_linked_list ****
Info: Internal Builder is used for build
g++ -O0 -g3 -Wall -c -fmessage-length=0 -o "src\\singly_linked_list.o" "..\\src\\singly_linked_list.cpp" 
g++ -o singly_linked_list.exe "src\\singly_linked_list.o" 
23:12:02 **** Incremental Build of configuration Debug for project singly_linked_list ****
Info: Internal Builder is used for build
g++ -O0 -g3 -Wall -c -fmessage-length=0 -o "src\\singly_linked_list.o" "..\\src\\singly_linked_list.cpp" 
g++ -o singly_linked_list.exe "src\\singly_linked_list.o" 
23:12:29 **** Incremental Build of configuration Debug for project singly_linked_list ****
Info: Internal Builder is used for build
g++ -O0 -g3 -Wall -c -fmessage-length=0 -o "src\\singly_linked_list.o" "..\\src\\singly_linked_list.cpp" 
g++ -o singly_linked_list.exe "src\\singly_linked_list.o" 
23:41:23 **** Incremental Build of configuration Debug for project singly_linked_list ****
Info: Internal Builder is used for build
g++ -O0 -g3 -Wall -c -fmessage-length=0 -o "src\\singly_linked_list.o" "..\\src\\singly_linked_list.cpp" 
g++ -o singly_linked_list.exe "src\\singly_linked_list.o" 
23:42:13 **** Incremental Build of configuration Debug for project singly_linked_list ****
Info: Internal Builder is used for build
g++ -O0 -g3 -Wall -c -fmessage-length=0 -o "src\\singly_linked_list.o" "..\\src\\singly_linked_list.cpp" 
g++ -o singly_linked_list.exe "src\\singly_linked_list.o" 
23:55:13 **** Incremental Build of configuration Debug for project singly_linked_list ****
Info: Internal Builder is used for build
g++ -O0 -g3 -Wall -c -fmessage-length=0 -o "src\\singly_linked_list.o" "..\\src\\singly_linked_list.cpp" 
g++ -o singly_linked_list.exe "src\\singly_linked_list.o" 
00:01:47 **** Incremental Build of configuration Debug for project singly_linked_list ****
Info: Internal Builder is used for build
g++ -O0 -g3 -Wall -c -fmessage-length=0 -o "src\\singly_linked_list.o" "..\\src\\singly_linked_list.cpp" 
g++ -o singly_linked_list.exe "src\\singly_linked_list.o" 
00:02:19 **** Incremental Build of configuration Debug for project singly_linked_list ****
Info: Internal Builder is used for build
g++ -O0 -g3 -Wall -c -fmessage-length=0 -o "src\\singly_linked_list.o" "..\\src\\singly_linked_list.cpp" 
g++ -o singly_linked_list.exe "src\\singly_linked_list.o" 
00:12:54 **** Incremental Build of configuration Debug for project singly_linked_list ****
Info: Internal Builder is used for build
g++ -O0 -g3 -Wall -c -fmessage-length=0 -o "src\\singly_linked_list.o" "..\\src\\singly_linked_list.cpp" 
g++ -o singly_linked_list.exe "src\\singly_linked_list.o" 
00:33:18 **** Incremental Build of configuration Debug for project singly_linked_list ****
Info: Internal Builder is used for build
g++ -O0 -g3 -Wall -c -fmessage-length=0 -o "src\\singly_linked_list.o" "..\\src\\singly_linked_list.cpp" 
g++ -o singly_linked_list.exe "src\\singly_linked_list.o" 
Info: Nothing to build for singly_linked_list
00:35:22 **** Incremental Build of configuration Debug for project singly_linked_list ****
Info: Internal Builder is used for build
g++ -O0 -g3 -Wall -c -fmessage-length=0 -o "src\\singly_linked_list.o" "..\\src\\singly_linked_list.cpp" 
g++ -o singly_linked_list.exe "src\\singly_linked_list.o" 
00:36:19 **** Incremental Build of configuration Debug for project singly_linked_list ****
Info: Internal Builder is used for build
g++ -O0 -g3 -Wall -c -fmessage-length=0 -o "src\\singly_linked_list.o" "..\\src\\singly_linked_list.cpp" 
g++ -o singly_linked_list.exe "src\\singly_linked_list.o" 
14:51:20 **** Rebuild of configuration Debug for project doubly_linked_list ****
Info: Internal Builder is used for build
g++ -O0 -g3 -Wall -c -fmessage-length=0 -o "src\\doubly_linked_list.o" "..\\src\\doubly_linked_list.cpp" 
g++ -o doubly_linked_list.exe "src\\doubly_linked_list.o" 
14:51:31 **** Incremental Build of configuration Debug for project singly_linked_list ****
Info: Internal Builder is used for build
g++ -O0 -g3 -Wall -c -fmessage-length=0 -o "src\\singly_linked_list.o" "..\\src\\singly_linked_list.cpp" 
g++ -o singly_linked_list.exe "src\\singly_linked_list.o" 
Info: Nothing to build for doubly_linked_list
Info: Nothing to build for singly_linked_list
15:13:34 **** Incremental Build of configuration Debug for project doubly_linked_list ****
Info: Internal Builder is used for build
g++ -O0 -g3 -Wall -c -fmessage-length=0 -o "src\\doubly_linked_list.o" "..\\src\\doubly_linked_list.cpp" 
g++ -o doubly_linked_list.exe "src\\doubly_linked_list.o" 
15:28:40 **** Incremental Build of configuration Debug for project doubly_linked_list ****
Info: Internal Builder is used for build
g++ -O0 -g3 -Wall -c -fmessage-length=0 -o "src\\doubly_linked_list.o" "..\\src\\doubly_linked_list.cpp" 
g++ -o doubly_linked_list.exe "src\\doubly_linked_list.o" 
c:/mingw/bin/../lib/gcc/x86_64-w64-mingw32/9.2.0/../../../../x86_64-w64-mingw32/bin/ld.exe: cannot open output file doubly_linked_list.exe: Permission denied
collect2.exe: error: ld returned 1 exit status
15:29:00 **** Incremental Build of configuration Debug for project doubly_linked_list ****
Info: Internal Builder is used for build
g++ -o doubly_linked_list.exe "src\\doubly_linked_list.o" 
c:/mingw/bin/../lib/gcc/x86_64-w64-mingw32/9.2.0/../../../../x86_64-w64-mingw32/bin/ld.exe: cannot open output file doubly_linked_list.exe: Permission denied
collect2.exe: error: ld returned 1 exit status
15:29:14 **** Incremental Build of configuration Debug for project doubly_linked_list ****
Info: Internal Builder is used for build
g++ -o doubly_linked_list.exe "src\\doubly_linked_list.o" 
c:/mingw/bin/../lib/gcc/x86_64-w64-mingw32/9.2.0/../../../../x86_64-w64-mingw32/bin/ld.exe: cannot open output file doubly_linked_list.exe: Permission denied
collect2.exe: error: ld returned 1 exit status
15:30:03 **** Incremental Build of configuration Debug for project doubly_linked_list ****
Info: Internal Builder is used for build
g++ -o doubly_linked_list.exe "src\\doubly_linked_list.o" 
c:/mingw/bin/../lib/gcc/x86_64-w64-mingw32/9.2.0/../../../../x86_64-w64-mingw32/bin/ld.exe: cannot open output file doubly_linked_list.exe: Permission denied
collect2.exe: error: ld returned 1 exit status
15:30:34 **** Incremental Build of configuration Debug for project doubly_linked_list ****
Info: Internal Builder is used for build
g++ -o doubly_linked_list.exe "src\\doubly_linked_list.o" 
15:35:05 **** Incremental Build of configuration Debug for project doubly_linked_list ****
Info: Internal Builder is used for build
g++ -O0 -g3 -Wall -c -fmessage-length=0 -o "src\\doubly_linked_list.o" "..\\src\\doubly_linked_list.cpp" 
g++ -o doubly_linked_list.exe "src\\doubly_linked_list.o" 
Info: Nothing to build for doubly_linked_list
Info: Nothing to build for doubly_linked_list
22:05:29 **** Rebuild of configuration Debug for project singly_circular_linked_list ****
Info: Internal Builder is used for build
g++ -O0 -g3 -Wall -c -fmessage-length=0 -o "src\\singly_circular_linked_list.o" "..\\src\\singly_circular_linked_list.cpp" 
g++ -o singly_circular_linked_list.exe "src\\singly_circular_linked_list.o" 
22:06:14 **** Incremental Build of configuration Debug for project singly_circular_linked_list ****
Info: Internal Builder is used for build
g++ -O0 -g3 -Wall -c -fmessage-length=0 -o "src\\singly_circular_linked_list.o" "..\\src\\singly_circular_linked_list.cpp" 
g++ -o singly_circular_linked_list.exe "src\\singly_circular_linked_list.o" 
Info: Nothing to build for doubly_linked_list
Info: Nothing to build for singly_circular_linked_list
22:20:01 **** Incremental Build of configuration Debug for project singly_circular_linked_list ****
Info: Internal Builder is used for build
g++ -O0 -g3 -Wall -c -fmessage-length=0 -o "src\\singly_circular_linked_list.o" "..\\src\\singly_circular_linked_list.cpp" 
..\src\singly_circular_linked_list.cpp: In function 'int main()':
..\src\singly_circular_linked_list.cpp:88:13: error: 'LinkedList::LinkedList()' is private within this context
   88 |  LinkedList li;
      |             ^~
..\src\singly_circular_linked_list.cpp:36:2: note: declared private here
   36 |  LinkedList() {
      |  ^~~~~~~~~~
..\src\singly_circular_linked_list.cpp:96:17: error: 'void LinkedList::printList()' is private within this context
   96 |    li.printList();
      |                 ^
..\src\singly_circular_linked_list.cpp:58:7: note: declared private here
   58 |  void printList() {
      |       ^~~~~~~~~
..\src\singly_circular_linked_list.cpp:101:19: error: 'void LinkedList::addFirst(int)' is private within this context
  101 |    li.addFirst(ele);
      |                   ^
..\src\singly_circular_linked_list.cpp:41:7: note: declared private here
   41 |  void addFirst(int data) {
      |       ^~~~~~~~
22:20:25 **** Incremental Build of configuration Debug for project singly_circular_linked_list ****
Info: Internal Builder is used for build
g++ -O0 -g3 -Wall -c -fmessage-length=0 -o "src\\singly_circular_linked_list.o" "..\\src\\singly_circular_linked_list.cpp" 
g++ -o singly_circular_linked_list.exe "src\\singly_circular_linked_list.o" 
22:24:18 **** Incremental Build of configuration Debug for project singly_circular_linked_list ****
Info: Internal Builder is used for build
g++ -O0 -g3 -Wall -c -fmessage-length=0 -o "src\\singly_circular_linked_list.o" "..\\src\\singly_circular_linked_list.cpp" 
g++ -o singly_circular_linked_list.exe "src\\singly_circular_linked_list.o" 
Info: Nothing to build for singly_circular_linked_list
22:27:07 **** Incremental Build of configuration Debug for project singly_circular_linked_list ****
Info: Internal Builder is used for build
g++ -O0 -g3 -Wall -c -fmessage-length=0 -o "src\\singly_circular_linked_list.o" "..\\src\\singly_circular_linked_list.cpp" 
g++ -o singly_circular_linked_list.exe "src\\singly_circular_linked_list.o" 
